{"/Users/rachelchoate/Documents/projects/i-love-vue/src/App.vue": {"path":"/Users/rachelchoate/Documents/projects/i-love-vue/src/App.vue","statementMap":{"0":{"start":{"line":18,"column":0},"end":{"line":18,"column":null}},"1":{"start":{"line":23,"column":0},"end":{"line":23,"column":null}}},"fnMap":{"0":{"name":"views","decl":{"start":{"line":22,"column":0},"end":{"line":22,"column":null}},"loc":{"start":{"line":22,"column":0},"end":{"line":24,"column":null}}}},"branchMap":{},"s":{"0":1,"1":1},"f":{"0":1},"b":{}}
,"/Users/rachelchoate/Documents/projects/i-love-vue/src/components/Gameboard.vue": {"path":"/Users/rachelchoate/Documents/projects/i-love-vue/src/components/Gameboard.vue","statementMap":{"0":{"start":{"line":32,"column":0},"end":{"line":32,"column":null}},"1":{"start":{"line":33,"column":0},"end":{"line":33,"column":null}},"2":{"start":{"line":40,"column":0},"end":{"line":40,"column":null}},"3":{"start":{"line":43,"column":0},"end":{"line":43,"column":null}},"4":{"start":{"line":46,"column":0},"end":{"line":46,"column":null}},"5":{"start":{"line":49,"column":0},"end":{"line":49,"column":null}},"6":{"start":{"line":52,"column":0},"end":{"line":52,"column":null}}},"fnMap":{"0":{"name":"height","decl":{"start":{"line":39,"column":0},"end":{"line":39,"column":null}},"loc":{"start":{"line":39,"column":0},"end":{"line":41,"column":null}}},"1":{"name":"width","decl":{"start":{"line":42,"column":0},"end":{"line":42,"column":null}},"loc":{"start":{"line":42,"column":0},"end":{"line":44,"column":null}}},"2":{"name":"rows","decl":{"start":{"line":45,"column":0},"end":{"line":45,"column":null}},"loc":{"start":{"line":45,"column":0},"end":{"line":47,"column":null}}},"3":{"name":"cols","decl":{"start":{"line":48,"column":0},"end":{"line":48,"column":null}},"loc":{"start":{"line":48,"column":0},"end":{"line":50,"column":null}}},"4":{"name":"gameWon","decl":{"start":{"line":51,"column":0},"end":{"line":51,"column":null}},"loc":{"start":{"line":51,"column":0},"end":{"line":53,"column":null}}}},"branchMap":{},"s":{"0":3,"1":3,"2":2,"3":2,"4":2,"5":2,"6":2},"f":{"0":2,"1":2,"2":2,"3":2,"4":2},"b":{}}
,"/Users/rachelchoate/Documents/projects/i-love-vue/src/components/Pixel.vue": {"path":"/Users/rachelchoate/Documents/projects/i-love-vue/src/components/Pixel.vue","statementMap":{"0":{"start":{"line":19,"column":0},"end":{"line":19,"column":null}},"1":{"start":{"line":22,"column":0},"end":{"line":22,"column":null}},"2":{"start":{"line":25,"column":0},"end":{"line":25,"column":null}},"3":{"start":{"line":26,"column":0},"end":{"line":26,"column":null}},"4":{"start":{"line":29,"column":0},"end":{"line":29,"column":null}},"5":{"start":{"line":30,"column":0},"end":{"line":30,"column":null}},"6":{"start":{"line":33,"column":0},"end":{"line":33,"column":null}},"7":{"start":{"line":34,"column":0},"end":{"line":34,"column":null}},"8":{"start":{"line":37,"column":0},"end":{"line":37,"column":null}},"9":{"start":{"line":38,"column":0},"end":{"line":38,"column":null}},"10":{"start":{"line":41,"column":0},"end":{"line":41,"column":null}},"11":{"start":{"line":44,"column":0},"end":{"line":44,"column":null}},"12":{"start":{"line":47,"column":0},"end":{"line":47,"column":null}},"13":{"start":{"line":48,"column":0},"end":{"line":48,"column":null}},"14":{"start":{"line":51,"column":0},"end":{"line":51,"column":null}},"15":{"start":{"line":56,"column":0},"end":{"line":56,"column":null}}},"fnMap":{"0":{"name":"height","decl":{"start":{"line":18,"column":0},"end":{"line":18,"column":null}},"loc":{"start":{"line":18,"column":0},"end":{"line":20,"column":null}}},"1":{"name":"width","decl":{"start":{"line":21,"column":0},"end":{"line":21,"column":null}},"loc":{"start":{"line":21,"column":0},"end":{"line":23,"column":null}}},"2":{"name":"top","decl":{"start":{"line":24,"column":0},"end":{"line":24,"column":null}},"loc":{"start":{"line":24,"column":0},"end":{"line":27,"column":null}}},"3":{"name":"left","decl":{"start":{"line":28,"column":0},"end":{"line":28,"column":null}},"loc":{"start":{"line":28,"column":0},"end":{"line":31,"column":null}}},"4":{"name":"background","decl":{"start":{"line":32,"column":0},"end":{"line":32,"column":null}},"loc":{"start":{"line":32,"column":0},"end":{"line":35,"column":null}}},"5":{"name":"active","decl":{"start":{"line":36,"column":0},"end":{"line":36,"column":null}},"loc":{"start":{"line":36,"column":0},"end":{"line":39,"column":null}}},"6":{"name":"locked","decl":{"start":{"line":40,"column":0},"end":{"line":40,"column":null}},"loc":{"start":{"line":40,"column":0},"end":{"line":42,"column":null}}},"7":{"name":"completed","decl":{"start":{"line":43,"column":0},"end":{"line":43,"column":null}},"loc":{"start":{"line":43,"column":0},"end":{"line":45,"column":null}}},"8":{"name":"activeClass","decl":{"start":{"line":46,"column":0},"end":{"line":46,"column":null}},"loc":{"start":{"line":46,"column":0},"end":{"line":52,"column":null}}},"9":{"name":"select","decl":{"start":{"line":55,"column":0},"end":{"line":55,"column":null}},"loc":{"start":{"line":55,"column":0},"end":{"line":57,"column":null}}}},"branchMap":{"0":{"loc":{"start":{"line":37,"column":0},"end":{"line":37,"column":null}},"type":"if","locations":[{"start":{"line":37,"column":0},"end":{"line":37,"column":null}},{"start":{"line":37,"column":0},"end":{"line":37,"column":null}}]},"1":{"loc":{"start":{"line":38,"column":0},"end":{"line":38,"column":null}},"type":"binary-expr","locations":[{"start":{"line":38,"column":0},"end":{"line":38,"column":null}},{"start":{"line":38,"column":0},"end":{"line":38,"column":null}}]},"2":{"loc":{"start":{"line":48,"column":0},"end":{"line":48,"column":null}},"type":"if","locations":[{"start":{"line":48,"column":0},"end":{"line":48,"column":null}},{"start":{"line":48,"column":0},"end":{"line":48,"column":null}}]},"3":{"loc":{"start":{"line":56,"column":0},"end":{"line":56,"column":null}},"type":"if","locations":[{"start":{"line":56,"column":0},"end":{"line":56,"column":null}},{"start":{"line":56,"column":0},"end":{"line":56,"column":null}}]}},"s":{"0":3,"1":3,"2":3,"3":3,"4":3,"5":3,"6":12,"7":3,"8":5,"9":1,"10":3,"11":2,"12":3,"13":8,"14":3,"15":2},"f":{"0":3,"1":3,"2":3,"3":3,"4":3,"5":3,"6":3,"7":2,"8":3,"9":1},"b":{"0":[2,1],"1":[1,1],"2":[1,6],"3":[1,0]}}
,"/Users/rachelchoate/Documents/projects/i-love-vue/src/state/GameStore.js": {"path":"/Users/rachelchoate/Documents/projects/i-love-vue/src/state/GameStore.js","statementMap":{"0":{"start":{"line":11,"column":21},"end":{"line":25,"column":1}},"1":{"start":{"line":28,"column":23},"end":{"line":37,"column":1}},"2":{"start":{"line":29,"column":17},"end":{"line":29,"column":50}},"3":{"start":{"line":30,"column":17},"end":{"line":30,"column":53}},"4":{"start":{"line":31,"column":4},"end":{"line":36,"column":6}},"5":{"start":{"line":40,"column":26},"end":{"line":45,"column":1}},"6":{"start":{"line":41,"column":4},"end":{"line":44,"column":5}},"7":{"start":{"line":41,"column":17},"end":{"line":41,"column":18}},"8":{"start":{"line":42,"column":23},"end":{"line":42,"column":38}},"9":{"start":{"line":43,"column":8},"end":{"line":43,"column":50}},"10":{"start":{"line":48,"column":23},"end":{"line":57,"column":1}},"11":{"start":{"line":49,"column":17},"end":{"line":49,"column":58}},"12":{"start":{"line":50,"column":25},"end":{"line":50,"column":45}},"13":{"start":{"line":51,"column":4},"end":{"line":51,"column":38}},"14":{"start":{"line":52,"column":4},"end":{"line":52,"column":42}},"15":{"start":{"line":53,"column":4},"end":{"line":53,"column":46}},"16":{"start":{"line":54,"column":4},"end":{"line":54,"column":49}},"17":{"start":{"line":55,"column":4},"end":{"line":55,"column":20}},"18":{"start":{"line":56,"column":4},"end":{"line":56,"column":32}},"19":{"start":{"line":61,"column":4},"end":{"line":61,"column":64}},"20":{"start":{"line":62,"column":4},"end":{"line":70,"column":5}},"21":{"start":{"line":63,"column":8},"end":{"line":69,"column":9}},"22":{"start":{"line":64,"column":12},"end":{"line":64,"column":41}},"23":{"start":{"line":65,"column":15},"end":{"line":69,"column":9}},"24":{"start":{"line":66,"column":12},"end":{"line":66,"column":39}},"25":{"start":{"line":68,"column":12},"end":{"line":68,"column":45}},"26":{"start":{"line":75,"column":4},"end":{"line":75,"column":87}},"27":{"start":{"line":76,"column":4},"end":{"line":76,"column":31}},"28":{"start":{"line":77,"column":4},"end":{"line":77,"column":21}},"29":{"start":{"line":78,"column":4},"end":{"line":78,"column":35}},"30":{"start":{"line":82,"column":24},"end":{"line":84,"column":1}},"31":{"start":{"line":83,"column":4},"end":{"line":83,"column":84}},"32":{"start":{"line":88,"column":4},"end":{"line":92,"column":5}},"33":{"start":{"line":89,"column":8},"end":{"line":89,"column":42}},"34":{"start":{"line":90,"column":8},"end":{"line":90,"column":56}},"35":{"start":{"line":91,"column":8},"end":{"line":91,"column":38}},"36":{"start":{"line":97,"column":4},"end":{"line":101,"column":5}},"37":{"start":{"line":98,"column":8},"end":{"line":98,"column":41}},"38":{"start":{"line":99,"column":8},"end":{"line":99,"column":53}},"39":{"start":{"line":100,"column":8},"end":{"line":100,"column":38}},"40":{"start":{"line":104,"column":18},"end":{"line":114,"column":1}}},"fnMap":{"0":{"name":"(anonymous_0)","decl":{"start":{"line":28,"column":23},"end":{"line":28,"column":24}},"loc":{"start":{"line":28,"column":38},"end":{"line":37,"column":1}},"line":28},"1":{"name":"(anonymous_1)","decl":{"start":{"line":40,"column":26},"end":{"line":40,"column":27}},"loc":{"start":{"line":40,"column":51},"end":{"line":45,"column":1}},"line":40},"2":{"name":"(anonymous_2)","decl":{"start":{"line":48,"column":23},"end":{"line":48,"column":24}},"loc":{"start":{"line":48,"column":34},"end":{"line":57,"column":1}},"line":48},"3":{"name":"selectPixel","decl":{"start":{"line":60,"column":9},"end":{"line":60,"column":20}},"loc":{"start":{"line":60,"column":36},"end":{"line":71,"column":1}},"line":60},"4":{"name":"movePixel","decl":{"start":{"line":74,"column":9},"end":{"line":74,"column":18}},"loc":{"start":{"line":74,"column":34},"end":{"line":79,"column":1}},"line":74},"5":{"name":"(anonymous_5)","decl":{"start":{"line":82,"column":24},"end":{"line":82,"column":25}},"loc":{"start":{"line":82,"column":35},"end":{"line":84,"column":1}},"line":82},"6":{"name":"updateGameHeight","decl":{"start":{"line":87,"column":9},"end":{"line":87,"column":25}},"loc":{"start":{"line":87,"column":41},"end":{"line":93,"column":1}},"line":87},"7":{"name":"updateGameWidth","decl":{"start":{"line":96,"column":9},"end":{"line":96,"column":24}},"loc":{"start":{"line":96,"column":39},"end":{"line":102,"column":1}},"line":96}},"branchMap":{"0":{"loc":{"start":{"line":62,"column":4},"end":{"line":70,"column":5}},"type":"if","locations":[{"start":{"line":62,"column":4},"end":{"line":70,"column":5}},{"start":{"line":62,"column":4},"end":{"line":70,"column":5}}],"line":62},"1":{"loc":{"start":{"line":63,"column":8},"end":{"line":69,"column":9}},"type":"if","locations":[{"start":{"line":63,"column":8},"end":{"line":69,"column":9}},{"start":{"line":63,"column":8},"end":{"line":69,"column":9}}],"line":63},"2":{"loc":{"start":{"line":65,"column":15},"end":{"line":69,"column":9}},"type":"if","locations":[{"start":{"line":65,"column":15},"end":{"line":69,"column":9}},{"start":{"line":65,"column":15},"end":{"line":69,"column":9}}],"line":65},"3":{"loc":{"start":{"line":65,"column":19},"end":{"line":65,"column":95}},"type":"binary-expr","locations":[{"start":{"line":65,"column":19},"end":{"line":65,"column":55}},{"start":{"line":65,"column":59},"end":{"line":65,"column":95}}],"line":65},"4":{"loc":{"start":{"line":88,"column":4},"end":{"line":92,"column":5}},"type":"if","locations":[{"start":{"line":88,"column":4},"end":{"line":92,"column":5}},{"start":{"line":88,"column":4},"end":{"line":92,"column":5}}],"line":88},"5":{"loc":{"start":{"line":88,"column":8},"end":{"line":88,"column":35}},"type":"binary-expr","locations":[{"start":{"line":88,"column":8},"end":{"line":88,"column":19}},{"start":{"line":88,"column":23},"end":{"line":88,"column":35}}],"line":88},"6":{"loc":{"start":{"line":97,"column":4},"end":{"line":101,"column":5}},"type":"if","locations":[{"start":{"line":97,"column":4},"end":{"line":101,"column":5}},{"start":{"line":97,"column":4},"end":{"line":101,"column":5}}],"line":97},"7":{"loc":{"start":{"line":97,"column":8},"end":{"line":97,"column":33}},"type":"binary-expr","locations":[{"start":{"line":97,"column":8},"end":{"line":97,"column":18}},{"start":{"line":97,"column":22},"end":{"line":97,"column":33}}],"line":97}},"s":{"0":1,"1":1,"2":3,"3":3,"4":3,"5":1,"6":3,"7":3,"8":12,"9":12,"10":1,"11":3,"12":3,"13":3,"14":3,"15":3,"16":3,"17":3,"18":3,"19":4,"20":4,"21":4,"22":2,"23":2,"24":1,"25":1,"26":1,"27":1,"28":1,"29":1,"30":1,"31":1,"32":1,"33":1,"34":1,"35":1,"36":1,"37":1,"38":1,"39":1,"40":1},"f":{"0":3,"1":3,"2":3,"3":4,"4":1,"5":1,"6":1,"7":1},"b":{"0":[4,0],"1":[2,2],"2":[1,1],"3":[2,1],"4":[1,0],"5":[1,1],"6":[1,0],"7":[1,1]},"_coverageSchema":"1a1c01bbd47fc00a2c39e90264f33305004495a9","hash":"72e56d8f30c3a92cdf19abfbf1d5cc10aa46e247"}
,"/Users/rachelchoate/Documents/projects/i-love-vue/src/state/index.js": {"path":"/Users/rachelchoate/Documents/projects/i-love-vue/src/state/index.js","statementMap":{"0":{"start":{"line":5,"column":0},"end":{"line":5,"column":14}},"1":{"start":{"line":7,"column":14},"end":{"line":7,"column":39}}},"fnMap":{},"branchMap":{},"s":{"0":1,"1":1},"f":{},"b":{},"_coverageSchema":"1a1c01bbd47fc00a2c39e90264f33305004495a9","hash":"5707cad60a47e412e89989b461bd75213b58d246"}
,"/Users/rachelchoate/Documents/projects/i-love-vue/src/utils/arrayUtils.js": {"path":"/Users/rachelchoate/Documents/projects/i-love-vue/src/utils/arrayUtils.js","statementMap":{"0":{"start":{"line":3,"column":29},"end":{"line":3,"column":92}},"1":{"start":{"line":3,"column":40},"end":{"line":3,"column":92}},"2":{"start":{"line":3,"column":57},"end":{"line":3,"column":91}},"3":{"start":{"line":3,"column":70},"end":{"line":3,"column":90}},"4":{"start":{"line":6,"column":26},"end":{"line":11,"column":1}},"5":{"start":{"line":7,"column":21},"end":{"line":7,"column":41}},"6":{"start":{"line":8,"column":4},"end":{"line":8,"column":37}},"7":{"start":{"line":9,"column":4},"end":{"line":9,"column":37}},"8":{"start":{"line":10,"column":4},"end":{"line":10,"column":20}},"9":{"start":{"line":14,"column":31},"end":{"line":23,"column":1}},"10":{"start":{"line":15,"column":17},"end":{"line":15,"column":21}},"11":{"start":{"line":16,"column":4},"end":{"line":21,"column":7}},"12":{"start":{"line":17,"column":21},"end":{"line":17,"column":31}},"13":{"start":{"line":18,"column":8},"end":{"line":20,"column":11}},"14":{"start":{"line":19,"column":12},"end":{"line":19,"column":98}},"15":{"start":{"line":19,"column":83},"end":{"line":19,"column":98}},"16":{"start":{"line":22,"column":4},"end":{"line":22,"column":18}},"17":{"start":{"line":26,"column":31},"end":{"line":26,"column":75}},"18":{"start":{"line":26,"column":43},"end":{"line":26,"column":75}},"19":{"start":{"line":29,"column":34},"end":{"line":36,"column":1}},"20":{"start":{"line":30,"column":4},"end":{"line":35,"column":5}},"21":{"start":{"line":30,"column":17},"end":{"line":30,"column":33}},"22":{"start":{"line":31,"column":18},"end":{"line":31,"column":53}},"23":{"start":{"line":32,"column":8},"end":{"line":34,"column":9}},"24":{"start":{"line":33,"column":12},"end":{"line":33,"column":56}},"25":{"start":{"line":39,"column":28},"end":{"line":47,"column":1}},"26":{"start":{"line":40,"column":21},"end":{"line":40,"column":23}},"27":{"start":{"line":41,"column":4},"end":{"line":45,"column":5}},"28":{"start":{"line":41,"column":17},"end":{"line":41,"column":18}},"29":{"start":{"line":42,"column":8},"end":{"line":44,"column":9}},"30":{"start":{"line":42,"column":21},"end":{"line":42,"column":22}},"31":{"start":{"line":43,"column":12},"end":{"line":43,"column":39}},"32":{"start":{"line":46,"column":4},"end":{"line":46,"column":20}},"33":{"start":{"line":50,"column":26},"end":{"line":57,"column":6}},"34":{"start":{"line":50,"column":48},"end":{"line":57,"column":6}},"35":{"start":{"line":51,"column":23},"end":{"line":51,"column":52}},"36":{"start":{"line":52,"column":4},"end":{"line":54,"column":5}},"37":{"start":{"line":53,"column":8},"end":{"line":53,"column":32}},"38":{"start":{"line":55,"column":4},"end":{"line":55,"column":34}},"39":{"start":{"line":56,"column":4},"end":{"line":56,"column":18}},"40":{"start":{"line":60,"column":30},"end":{"line":64,"column":1}},"41":{"start":{"line":61,"column":20},"end":{"line":61,"column":48}},"42":{"start":{"line":62,"column":21},"end":{"line":62,"column":51}},"43":{"start":{"line":63,"column":4},"end":{"line":63,"column":23}}},"fnMap":{"0":{"name":"(anonymous_0)","decl":{"start":{"line":3,"column":29},"end":{"line":3,"column":30}},"loc":{"start":{"line":3,"column":40},"end":{"line":3,"column":92}},"line":3},"1":{"name":"(anonymous_1)","decl":{"start":{"line":3,"column":50},"end":{"line":3,"column":51}},"loc":{"start":{"line":3,"column":57},"end":{"line":3,"column":91}},"line":3},"2":{"name":"(anonymous_2)","decl":{"start":{"line":3,"column":63},"end":{"line":3,"column":64}},"loc":{"start":{"line":3,"column":70},"end":{"line":3,"column":90}},"line":3},"3":{"name":"(anonymous_3)","decl":{"start":{"line":6,"column":26},"end":{"line":6,"column":27}},"loc":{"start":{"line":6,"column":57},"end":{"line":11,"column":1}},"line":6},"4":{"name":"(anonymous_4)","decl":{"start":{"line":14,"column":31},"end":{"line":14,"column":32}},"loc":{"start":{"line":14,"column":53},"end":{"line":23,"column":1}},"line":14},"5":{"name":"(anonymous_5)","decl":{"start":{"line":16,"column":20},"end":{"line":16,"column":21}},"loc":{"start":{"line":16,"column":32},"end":{"line":21,"column":5}},"line":16},"6":{"name":"(anonymous_6)","decl":{"start":{"line":18,"column":20},"end":{"line":18,"column":21}},"loc":{"start":{"line":18,"column":32},"end":{"line":20,"column":9}},"line":18},"7":{"name":"(anonymous_7)","decl":{"start":{"line":26,"column":31},"end":{"line":26,"column":32}},"loc":{"start":{"line":26,"column":43},"end":{"line":26,"column":75}},"line":26},"8":{"name":"(anonymous_8)","decl":{"start":{"line":29,"column":34},"end":{"line":29,"column":35}},"loc":{"start":{"line":29,"column":45},"end":{"line":36,"column":1}},"line":29},"9":{"name":"(anonymous_9)","decl":{"start":{"line":39,"column":28},"end":{"line":39,"column":29}},"loc":{"start":{"line":39,"column":39},"end":{"line":47,"column":1}},"line":39},"10":{"name":"(anonymous_10)","decl":{"start":{"line":50,"column":26},"end":{"line":50,"column":27}},"loc":{"start":{"line":50,"column":48},"end":{"line":57,"column":6}},"line":50},"11":{"name":"(anonymous_11)","decl":{"start":{"line":50,"column":61},"end":{"line":50,"column":62}},"loc":{"start":{"line":50,"column":86},"end":{"line":57,"column":1}},"line":50},"12":{"name":"(anonymous_12)","decl":{"start":{"line":60,"column":30},"end":{"line":60,"column":31}},"loc":{"start":{"line":60,"column":63},"end":{"line":64,"column":1}},"line":60}},"branchMap":{"0":{"loc":{"start":{"line":19,"column":12},"end":{"line":19,"column":98}},"type":"if","locations":[{"start":{"line":19,"column":12},"end":{"line":19,"column":98}},{"start":{"line":19,"column":12},"end":{"line":19,"column":98}}],"line":19},"1":{"loc":{"start":{"line":19,"column":16},"end":{"line":19,"column":81}},"type":"binary-expr","locations":[{"start":{"line":19,"column":16},"end":{"line":19,"column":35}},{"start":{"line":19,"column":39},"end":{"line":19,"column":58}},{"start":{"line":19,"column":62},"end":{"line":19,"column":81}}],"line":19},"2":{"loc":{"start":{"line":32,"column":8},"end":{"line":34,"column":9}},"type":"if","locations":[{"start":{"line":32,"column":8},"end":{"line":34,"column":9}},{"start":{"line":32,"column":8},"end":{"line":34,"column":9}}],"line":32},"3":{"loc":{"start":{"line":32,"column":12},"end":{"line":32,"column":48}},"type":"binary-expr","locations":[{"start":{"line":32,"column":12},"end":{"line":32,"column":28}},{"start":{"line":32,"column":32},"end":{"line":32,"column":48}}],"line":32},"4":{"loc":{"start":{"line":52,"column":4},"end":{"line":54,"column":5}},"type":"if","locations":[{"start":{"line":52,"column":4},"end":{"line":54,"column":5}},{"start":{"line":52,"column":4},"end":{"line":54,"column":5}}],"line":52}},"s":{"0":8,"1":5,"2":31,"3":181,"4":8,"5":2,"6":2,"7":2,"8":2,"9":8,"10":3,"11":3,"12":10,"13":10,"14":34,"15":13,"16":3,"17":8,"18":51,"19":8,"20":5,"21":5,"22":172,"23":172,"24":145,"25":8,"26":5,"27":5,"28":5,"29":31,"30":31,"31":177,"32":5,"33":8,"34":10,"35":208,"36":208,"37":36,"38":208,"39":208,"40":8,"41":5,"42":5,"43":5},"f":{"0":5,"1":31,"2":181,"3":2,"4":3,"5":10,"6":34,"7":51,"8":5,"9":5,"10":10,"11":208,"12":5},"b":{"0":[13,21],"1":[34,21,21],"2":[145,27],"3":[172,163],"4":[36,172]},"_coverageSchema":"1a1c01bbd47fc00a2c39e90264f33305004495a9","hash":"4ba3bb442d7dded1da534befad6036301e519f4e"}
,"/Users/rachelchoate/Documents/projects/i-love-vue/src/utils/colorUtils.js": {"path":"/Users/rachelchoate/Documents/projects/i-love-vue/src/utils/colorUtils.js","statementMap":{"0":{"start":{"line":5,"column":35},"end":{"line":9,"column":2}},"1":{"start":{"line":5,"column":42},"end":{"line":9,"column":1}},"2":{"start":{"line":12,"column":37},"end":{"line":21,"column":1}},"3":{"start":{"line":13,"column":18},"end":{"line":13,"column":56}},"4":{"start":{"line":14,"column":18},"end":{"line":14,"column":56}},"5":{"start":{"line":15,"column":18},"end":{"line":15,"column":56}},"6":{"start":{"line":16,"column":4},"end":{"line":20,"column":8}},"7":{"start":{"line":16,"column":49},"end":{"line":20,"column":5}}},"fnMap":{"0":{"name":"(anonymous_0)","decl":{"start":{"line":5,"column":35},"end":{"line":5,"column":36}},"loc":{"start":{"line":5,"column":42},"end":{"line":9,"column":1}},"line":5},"1":{"name":"(anonymous_1)","decl":{"start":{"line":12,"column":37},"end":{"line":12,"column":38}},"loc":{"start":{"line":12,"column":73},"end":{"line":21,"column":1}},"line":12},"2":{"name":"(anonymous_2)","decl":{"start":{"line":16,"column":41},"end":{"line":16,"column":42}},"loc":{"start":{"line":16,"column":49},"end":{"line":20,"column":5}},"line":16}},"branchMap":{},"s":{"0":3,"1":17,"2":3,"3":36,"4":36,"5":36,"6":36,"7":229},"f":{"0":17,"1":36,"2":229},"b":{},"_coverageSchema":"1a1c01bbd47fc00a2c39e90264f33305004495a9","hash":"1f1c365ae42a3480a2aae7aee2f1af2055a8ec39"}
,"/Users/rachelchoate/Documents/projects/i-love-vue/src/utils/gameboardGenerator.js": {"path":"/Users/rachelchoate/Documents/projects/i-love-vue/src/utils/gameboardGenerator.js","statementMap":{"0":{"start":{"line":5,"column":26},"end":{"line":17,"column":1}},"1":{"start":{"line":6,"column":17},"end":{"line":6,"column":41}},"2":{"start":{"line":8,"column":25},"end":{"line":8,"column":46}},"3":{"start":{"line":9,"column":28},"end":{"line":9,"column":49}},"4":{"start":{"line":10,"column":26},"end":{"line":10,"column":47}},"5":{"start":{"line":11,"column":29},"end":{"line":11,"column":50}},"6":{"start":{"line":13,"column":30},"end":{"line":13,"column":91}},"7":{"start":{"line":14,"column":31},"end":{"line":14,"column":94}},"8":{"start":{"line":16,"column":4},"end":{"line":16,"column":110}},"9":{"start":{"line":16,"column":29},"end":{"line":16,"column":108}}},"fnMap":{"0":{"name":"(anonymous_0)","decl":{"start":{"line":5,"column":26},"end":{"line":5,"column":27}},"loc":{"start":{"line":5,"column":48},"end":{"line":17,"column":1}},"line":5},"1":{"name":"(anonymous_1)","decl":{"start":{"line":16,"column":20},"end":{"line":16,"column":21}},"loc":{"start":{"line":16,"column":29},"end":{"line":16,"column":108}},"line":16}},"branchMap":{},"s":{"0":2,"1":4,"2":4,"3":4,"4":4,"5":4,"6":4,"7":4,"8":4,"9":27},"f":{"0":4,"1":27},"b":{},"_coverageSchema":"1a1c01bbd47fc00a2c39e90264f33305004495a9","hash":"91071efe3cdf25c4ff132de0229367bd202d0afb"}
,"/Users/rachelchoate/Documents/projects/i-love-vue/src/utils/gameboardShuffler.js": {"path":"/Users/rachelchoate/Documents/projects/i-love-vue/src/utils/gameboardShuffler.js","statementMap":{"0":{"start":{"line":8,"column":25},"end":{"line":15,"column":1}},"1":{"start":{"line":9,"column":22},"end":{"line":9,"column":38}},"2":{"start":{"line":10,"column":22},"end":{"line":10,"column":41}},"3":{"start":{"line":11,"column":27},"end":{"line":11,"column":50}},"4":{"start":{"line":12,"column":4},"end":{"line":12,"column":39}},"5":{"start":{"line":13,"column":29},"end":{"line":13,"column":81}},"6":{"start":{"line":14,"column":4},"end":{"line":14,"column":28}}},"fnMap":{"0":{"name":"(anonymous_0)","decl":{"start":{"line":8,"column":25},"end":{"line":8,"column":26}},"loc":{"start":{"line":8,"column":40},"end":{"line":15,"column":1}},"line":8}},"branchMap":{},"s":{"0":2,"1":4,"2":4,"3":4,"4":4,"5":4,"6":4},"f":{"0":4},"b":{},"_coverageSchema":"1a1c01bbd47fc00a2c39e90264f33305004495a9","hash":"17aa124aec4e6dc30f42269b3d9aaf433d95362a"}
,"/Users/rachelchoate/Documents/projects/i-love-vue/src/utils/index.js": {"path":"/Users/rachelchoate/Documents/projects/i-love-vue/src/utils/index.js","statementMap":{"0":{"start":{"line":3,"column":35},"end":{"line":3,"column":75}},"1":{"start":{"line":3,"column":44},"end":{"line":3,"column":75}}},"fnMap":{"0":{"name":"(anonymous_0)","decl":{"start":{"line":3,"column":35},"end":{"line":3,"column":36}},"loc":{"start":{"line":3,"column":44},"end":{"line":3,"column":75}},"line":3}},"branchMap":{},"s":{"0":3,"1":51},"f":{"0":51},"b":{},"_coverageSchema":"1a1c01bbd47fc00a2c39e90264f33305004495a9","hash":"58fbcc973065b183ccd66d4bb840fd5aba32322f"}
,"/Users/rachelchoate/Documents/projects/i-love-vue/src/views/Game.vue": {"path":"/Users/rachelchoate/Documents/projects/i-love-vue/src/views/Game.vue","statementMap":{"0":{"start":{"line":22,"column":0},"end":{"line":22,"column":null}},"1":{"start":{"line":31,"column":0},"end":{"line":31,"column":null}},"2":{"start":{"line":34,"column":0},"end":{"line":34,"column":null}},"3":{"start":{"line":37,"column":0},"end":{"line":37,"column":null}},"4":{"start":{"line":42,"column":0},"end":{"line":42,"column":null}}},"fnMap":{"0":{"name":"gameLoaded","decl":{"start":{"line":30,"column":0},"end":{"line":30,"column":null}},"loc":{"start":{"line":30,"column":0},"end":{"line":32,"column":null}}},"1":{"name":"gameCompleted","decl":{"start":{"line":33,"column":0},"end":{"line":33,"column":null}},"loc":{"start":{"line":33,"column":0},"end":{"line":35,"column":null}}},"2":{"name":"moves","decl":{"start":{"line":36,"column":0},"end":{"line":36,"column":null}},"loc":{"start":{"line":36,"column":0},"end":{"line":38,"column":null}}},"3":{"name":"start","decl":{"start":{"line":41,"column":0},"end":{"line":41,"column":null}},"loc":{"start":{"line":41,"column":0},"end":{"line":43,"column":null}}}},"branchMap":{},"s":{"0":2,"1":2,"2":2,"3":2,"4":1},"f":{"0":2,"1":2,"2":2,"3":1},"b":{}}
,"/Users/rachelchoate/Documents/projects/i-love-vue/src/views/Settings.vue": {"path":"/Users/rachelchoate/Documents/projects/i-love-vue/src/views/Settings.vue","statementMap":{"0":{"start":{"line":35,"column":0},"end":{"line":35,"column":null}},"1":{"start":{"line":38,"column":0},"end":{"line":38,"column":null}},"2":{"start":{"line":43,"column":0},"end":{"line":43,"column":null}},"3":{"start":{"line":46,"column":0},"end":{"line":46,"column":null}}},"fnMap":{"0":{"name":"rows","decl":{"start":{"line":34,"column":0},"end":{"line":34,"column":null}},"loc":{"start":{"line":34,"column":0},"end":{"line":36,"column":null}}},"1":{"name":"cols","decl":{"start":{"line":37,"column":0},"end":{"line":37,"column":null}},"loc":{"start":{"line":37,"column":0},"end":{"line":39,"column":null}}},"2":{"name":"updateGameHeight","decl":{"start":{"line":42,"column":0},"end":{"line":42,"column":null}},"loc":{"start":{"line":42,"column":0},"end":{"line":44,"column":null}}},"3":{"name":"updateGameWidth","decl":{"start":{"line":45,"column":0},"end":{"line":45,"column":null}},"loc":{"start":{"line":45,"column":0},"end":{"line":47,"column":null}}}},"branchMap":{},"s":{"0":3,"1":3,"2":1,"3":1},"f":{"0":3,"1":3,"2":1,"3":1},"b":{}}
}
