{"/Users/rachelchoate/Documents/projects/i-love-vue/src/App.vue": {"path":"/Users/rachelchoate/Documents/projects/i-love-vue/src/App.vue","statementMap":{"0":{"start":{"line":18,"column":0},"end":{"line":18,"column":null}},"1":{"start":{"line":23,"column":0},"end":{"line":23,"column":null}}},"fnMap":{"0":{"name":"views","decl":{"start":{"line":22,"column":0},"end":{"line":22,"column":null}},"loc":{"start":{"line":22,"column":0},"end":{"line":24,"column":null}}}},"branchMap":{},"s":{"0":0,"1":0},"f":{"0":0},"b":{}}
,"/Users/rachelchoate/Documents/projects/i-love-vue/src/main.js": {"path":"/Users/rachelchoate/Documents/projects/i-love-vue/src/main.js","statementMap":{"0":{"start":{"line":6,"column":0},"end":{"line":6,"column":33}},"1":{"start":{"line":8,"column":0},"end":{"line":12,"column":18}},"2":{"start":{"line":9,"column":17},"end":{"line":9,"column":23}}},"fnMap":{"0":{"name":"(anonymous_0)","decl":{"start":{"line":9,"column":12},"end":{"line":9,"column":13}},"loc":{"start":{"line":9,"column":17},"end":{"line":9,"column":23}},"line":9}},"branchMap":{},"s":{"0":0,"1":0,"2":0},"f":{"0":0},"b":{}}
,"/Users/rachelchoate/Documents/projects/i-love-vue/src/components/Gameboard.vue": {"path":"/Users/rachelchoate/Documents/projects/i-love-vue/src/components/Gameboard.vue","statementMap":{"0":{"start":{"line":32,"column":0},"end":{"line":32,"column":null}},"1":{"start":{"line":33,"column":0},"end":{"line":33,"column":null}},"2":{"start":{"line":40,"column":0},"end":{"line":40,"column":null}},"3":{"start":{"line":43,"column":0},"end":{"line":43,"column":null}},"4":{"start":{"line":46,"column":0},"end":{"line":46,"column":null}},"5":{"start":{"line":49,"column":0},"end":{"line":49,"column":null}},"6":{"start":{"line":52,"column":0},"end":{"line":52,"column":null}}},"fnMap":{"0":{"name":"height","decl":{"start":{"line":39,"column":0},"end":{"line":39,"column":null}},"loc":{"start":{"line":39,"column":0},"end":{"line":41,"column":null}}},"1":{"name":"width","decl":{"start":{"line":42,"column":0},"end":{"line":42,"column":null}},"loc":{"start":{"line":42,"column":0},"end":{"line":44,"column":null}}},"2":{"name":"rows","decl":{"start":{"line":45,"column":0},"end":{"line":45,"column":null}},"loc":{"start":{"line":45,"column":0},"end":{"line":47,"column":null}}},"3":{"name":"cols","decl":{"start":{"line":48,"column":0},"end":{"line":48,"column":null}},"loc":{"start":{"line":48,"column":0},"end":{"line":50,"column":null}}},"4":{"name":"gameWon","decl":{"start":{"line":51,"column":0},"end":{"line":51,"column":null}},"loc":{"start":{"line":51,"column":0},"end":{"line":53,"column":null}}}},"branchMap":{},"s":{"0":0,"1":0,"2":0,"3":0,"4":0,"5":0,"6":0},"f":{"0":0,"1":0,"2":0,"3":0,"4":0},"b":{}}
,"/Users/rachelchoate/Documents/projects/i-love-vue/src/components/Pixel.vue": {"path":"/Users/rachelchoate/Documents/projects/i-love-vue/src/components/Pixel.vue","statementMap":{"0":{"start":{"line":19,"column":0},"end":{"line":19,"column":null}},"1":{"start":{"line":22,"column":0},"end":{"line":22,"column":null}},"2":{"start":{"line":25,"column":0},"end":{"line":25,"column":null}},"3":{"start":{"line":26,"column":0},"end":{"line":26,"column":null}},"4":{"start":{"line":29,"column":0},"end":{"line":29,"column":null}},"5":{"start":{"line":30,"column":0},"end":{"line":30,"column":null}},"6":{"start":{"line":33,"column":0},"end":{"line":33,"column":null}},"7":{"start":{"line":34,"column":0},"end":{"line":34,"column":null}},"8":{"start":{"line":37,"column":0},"end":{"line":37,"column":null}},"9":{"start":{"line":38,"column":0},"end":{"line":38,"column":null}},"10":{"start":{"line":41,"column":0},"end":{"line":41,"column":null}},"11":{"start":{"line":44,"column":0},"end":{"line":44,"column":null}},"12":{"start":{"line":47,"column":0},"end":{"line":47,"column":null}},"13":{"start":{"line":48,"column":0},"end":{"line":48,"column":null}},"14":{"start":{"line":51,"column":0},"end":{"line":51,"column":null}},"15":{"start":{"line":56,"column":0},"end":{"line":56,"column":null}}},"fnMap":{"0":{"name":"height","decl":{"start":{"line":18,"column":0},"end":{"line":18,"column":null}},"loc":{"start":{"line":18,"column":0},"end":{"line":20,"column":null}}},"1":{"name":"width","decl":{"start":{"line":21,"column":0},"end":{"line":21,"column":null}},"loc":{"start":{"line":21,"column":0},"end":{"line":23,"column":null}}},"2":{"name":"top","decl":{"start":{"line":24,"column":0},"end":{"line":24,"column":null}},"loc":{"start":{"line":24,"column":0},"end":{"line":27,"column":null}}},"3":{"name":"left","decl":{"start":{"line":28,"column":0},"end":{"line":28,"column":null}},"loc":{"start":{"line":28,"column":0},"end":{"line":31,"column":null}}},"4":{"name":"background","decl":{"start":{"line":32,"column":0},"end":{"line":32,"column":null}},"loc":{"start":{"line":32,"column":0},"end":{"line":35,"column":null}}},"5":{"name":"active","decl":{"start":{"line":36,"column":0},"end":{"line":36,"column":null}},"loc":{"start":{"line":36,"column":0},"end":{"line":39,"column":null}}},"6":{"name":"locked","decl":{"start":{"line":40,"column":0},"end":{"line":40,"column":null}},"loc":{"start":{"line":40,"column":0},"end":{"line":42,"column":null}}},"7":{"name":"completed","decl":{"start":{"line":43,"column":0},"end":{"line":43,"column":null}},"loc":{"start":{"line":43,"column":0},"end":{"line":45,"column":null}}},"8":{"name":"activeClass","decl":{"start":{"line":46,"column":0},"end":{"line":46,"column":null}},"loc":{"start":{"line":46,"column":0},"end":{"line":52,"column":null}}},"9":{"name":"select","decl":{"start":{"line":55,"column":0},"end":{"line":55,"column":null}},"loc":{"start":{"line":55,"column":0},"end":{"line":57,"column":null}}}},"branchMap":{"0":{"loc":{"start":{"line":37,"column":0},"end":{"line":37,"column":null}},"type":"if","locations":[{"start":{"line":37,"column":0},"end":{"line":37,"column":null}},{"start":{"line":37,"column":0},"end":{"line":37,"column":null}}]},"1":{"loc":{"start":{"line":38,"column":0},"end":{"line":38,"column":null}},"type":"binary-expr","locations":[{"start":{"line":38,"column":0},"end":{"line":38,"column":null}},{"start":{"line":38,"column":0},"end":{"line":38,"column":null}}]},"2":{"loc":{"start":{"line":48,"column":0},"end":{"line":48,"column":null}},"type":"if","locations":[{"start":{"line":48,"column":0},"end":{"line":48,"column":null}},{"start":{"line":48,"column":0},"end":{"line":48,"column":null}}]},"3":{"loc":{"start":{"line":56,"column":0},"end":{"line":56,"column":null}},"type":"if","locations":[{"start":{"line":56,"column":0},"end":{"line":56,"column":null}},{"start":{"line":56,"column":0},"end":{"line":56,"column":null}}]}},"s":{"0":0,"1":0,"2":0,"3":0,"4":0,"5":0,"6":0,"7":0,"8":0,"9":0,"10":0,"11":0,"12":0,"13":0,"14":0,"15":0},"f":{"0":0,"1":0,"2":0,"3":0,"4":0,"5":0,"6":0,"7":0,"8":0,"9":0},"b":{"0":[0,0],"1":[0,0],"2":[0,0],"3":[0,0]}}
,"/Users/rachelchoate/Documents/projects/i-love-vue/src/router/index.js": {"path":"/Users/rachelchoate/Documents/projects/i-love-vue/src/router/index.js","statementMap":{"0":{"start":{"line":5,"column":0},"end":{"line":5,"column":19}}},"fnMap":{},"branchMap":{},"s":{"0":0},"f":{},"b":{}}
,"/Users/rachelchoate/Documents/projects/i-love-vue/src/state/GameStore.js": {"path":"/Users/rachelchoate/Documents/projects/i-love-vue/src/state/GameStore.js","statementMap":{"0":{"start":{"line":11,"column":21},"end":{"line":25,"column":1}},"1":{"start":{"line":28,"column":23},"end":{"line":37,"column":1}},"2":{"start":{"line":29,"column":17},"end":{"line":29,"column":50}},"3":{"start":{"line":30,"column":17},"end":{"line":30,"column":53}},"4":{"start":{"line":31,"column":4},"end":{"line":36,"column":6}},"5":{"start":{"line":40,"column":26},"end":{"line":45,"column":1}},"6":{"start":{"line":41,"column":4},"end":{"line":44,"column":5}},"7":{"start":{"line":41,"column":17},"end":{"line":41,"column":18}},"8":{"start":{"line":42,"column":23},"end":{"line":42,"column":38}},"9":{"start":{"line":43,"column":8},"end":{"line":43,"column":50}},"10":{"start":{"line":48,"column":23},"end":{"line":58,"column":1}},"11":{"start":{"line":49,"column":17},"end":{"line":49,"column":58}},"12":{"start":{"line":50,"column":4},"end":{"line":50,"column":22}},"13":{"start":{"line":51,"column":25},"end":{"line":51,"column":45}},"14":{"start":{"line":52,"column":4},"end":{"line":52,"column":38}},"15":{"start":{"line":53,"column":4},"end":{"line":53,"column":42}},"16":{"start":{"line":54,"column":4},"end":{"line":54,"column":46}},"17":{"start":{"line":55,"column":4},"end":{"line":55,"column":49}},"18":{"start":{"line":56,"column":4},"end":{"line":56,"column":20}},"19":{"start":{"line":57,"column":4},"end":{"line":57,"column":32}},"20":{"start":{"line":62,"column":4},"end":{"line":73,"column":5}},"21":{"start":{"line":63,"column":8},"end":{"line":72,"column":9}},"22":{"start":{"line":65,"column":16},"end":{"line":65,"column":45}},"23":{"start":{"line":66,"column":16},"end":{"line":66,"column":22}},"24":{"start":{"line":68,"column":16},"end":{"line":68,"column":43}},"25":{"start":{"line":69,"column":16},"end":{"line":69,"column":22}},"26":{"start":{"line":71,"column":16},"end":{"line":71,"column":49}},"27":{"start":{"line":78,"column":4},"end":{"line":78,"column":87}},"28":{"start":{"line":79,"column":4},"end":{"line":79,"column":31}},"29":{"start":{"line":80,"column":4},"end":{"line":80,"column":21}},"30":{"start":{"line":81,"column":4},"end":{"line":81,"column":35}},"31":{"start":{"line":85,"column":24},"end":{"line":88,"column":1}},"32":{"start":{"line":86,"column":4},"end":{"line":86,"column":84}},"33":{"start":{"line":87,"column":4},"end":{"line":87,"column":75}},"34":{"start":{"line":92,"column":4},"end":{"line":96,"column":5}},"35":{"start":{"line":93,"column":8},"end":{"line":93,"column":42}},"36":{"start":{"line":94,"column":8},"end":{"line":94,"column":56}},"37":{"start":{"line":95,"column":8},"end":{"line":95,"column":38}},"38":{"start":{"line":101,"column":4},"end":{"line":105,"column":5}},"39":{"start":{"line":102,"column":8},"end":{"line":102,"column":41}},"40":{"start":{"line":103,"column":8},"end":{"line":103,"column":53}},"41":{"start":{"line":104,"column":8},"end":{"line":104,"column":38}},"42":{"start":{"line":108,"column":18},"end":{"line":118,"column":1}}},"fnMap":{"0":{"name":"(anonymous_0)","decl":{"start":{"line":28,"column":23},"end":{"line":28,"column":24}},"loc":{"start":{"line":28,"column":38},"end":{"line":37,"column":1}},"line":28},"1":{"name":"(anonymous_1)","decl":{"start":{"line":40,"column":26},"end":{"line":40,"column":27}},"loc":{"start":{"line":40,"column":51},"end":{"line":45,"column":1}},"line":40},"2":{"name":"(anonymous_2)","decl":{"start":{"line":48,"column":23},"end":{"line":48,"column":24}},"loc":{"start":{"line":48,"column":34},"end":{"line":58,"column":1}},"line":48},"3":{"name":"selectPixel","decl":{"start":{"line":61,"column":9},"end":{"line":61,"column":20}},"loc":{"start":{"line":61,"column":36},"end":{"line":74,"column":1}},"line":61},"4":{"name":"movePixel","decl":{"start":{"line":77,"column":9},"end":{"line":77,"column":18}},"loc":{"start":{"line":77,"column":34},"end":{"line":82,"column":1}},"line":77},"5":{"name":"(anonymous_5)","decl":{"start":{"line":85,"column":24},"end":{"line":85,"column":25}},"loc":{"start":{"line":85,"column":35},"end":{"line":88,"column":1}},"line":85},"6":{"name":"updateGameHeight","decl":{"start":{"line":91,"column":9},"end":{"line":91,"column":25}},"loc":{"start":{"line":91,"column":41},"end":{"line":97,"column":1}},"line":91},"7":{"name":"updateGameWidth","decl":{"start":{"line":100,"column":9},"end":{"line":100,"column":24}},"loc":{"start":{"line":100,"column":39},"end":{"line":106,"column":1}},"line":100}},"branchMap":{"0":{"loc":{"start":{"line":62,"column":4},"end":{"line":73,"column":5}},"type":"if","locations":[{"start":{"line":62,"column":4},"end":{"line":73,"column":5}},{"start":{"line":62,"column":4},"end":{"line":73,"column":5}}],"line":62},"1":{"loc":{"start":{"line":63,"column":8},"end":{"line":72,"column":9}},"type":"switch","locations":[{"start":{"line":64,"column":12},"end":{"line":66,"column":22}},{"start":{"line":67,"column":12},"end":{"line":69,"column":22}},{"start":{"line":70,"column":12},"end":{"line":71,"column":49}}],"line":63},"2":{"loc":{"start":{"line":92,"column":4},"end":{"line":96,"column":5}},"type":"if","locations":[{"start":{"line":92,"column":4},"end":{"line":96,"column":5}},{"start":{"line":92,"column":4},"end":{"line":96,"column":5}}],"line":92},"3":{"loc":{"start":{"line":92,"column":8},"end":{"line":92,"column":35}},"type":"binary-expr","locations":[{"start":{"line":92,"column":8},"end":{"line":92,"column":19}},{"start":{"line":92,"column":23},"end":{"line":92,"column":35}}],"line":92},"4":{"loc":{"start":{"line":101,"column":4},"end":{"line":105,"column":5}},"type":"if","locations":[{"start":{"line":101,"column":4},"end":{"line":105,"column":5}},{"start":{"line":101,"column":4},"end":{"line":105,"column":5}}],"line":101},"5":{"loc":{"start":{"line":101,"column":8},"end":{"line":101,"column":33}},"type":"binary-expr","locations":[{"start":{"line":101,"column":8},"end":{"line":101,"column":18}},{"start":{"line":101,"column":22},"end":{"line":101,"column":33}}],"line":101}},"s":{"0":0,"1":0,"2":0,"3":0,"4":0,"5":0,"6":0,"7":0,"8":0,"9":0,"10":0,"11":0,"12":0,"13":0,"14":0,"15":0,"16":0,"17":0,"18":0,"19":0,"20":0,"21":0,"22":0,"23":0,"24":0,"25":0,"26":0,"27":0,"28":0,"29":0,"30":0,"31":0,"32":0,"33":0,"34":0,"35":0,"36":0,"37":0,"38":0,"39":0,"40":0,"41":0,"42":0},"f":{"0":0,"1":0,"2":0,"3":0,"4":0,"5":0,"6":0,"7":0},"b":{"0":[0,0],"1":[0,0,0],"2":[0,0],"3":[0,0],"4":[0,0],"5":[0,0]}}
,"/Users/rachelchoate/Documents/projects/i-love-vue/src/state/index.js": {"path":"/Users/rachelchoate/Documents/projects/i-love-vue/src/state/index.js","statementMap":{"0":{"start":{"line":5,"column":0},"end":{"line":5,"column":14}},"1":{"start":{"line":7,"column":14},"end":{"line":7,"column":39}}},"fnMap":{},"branchMap":{},"s":{"0":0,"1":0},"f":{},"b":{}}
,"/Users/rachelchoate/Documents/projects/i-love-vue/src/utils/arrayUtils.js": {"path":"/Users/rachelchoate/Documents/projects/i-love-vue/src/utils/arrayUtils.js","statementMap":{"0":{"start":{"line":3,"column":29},"end":{"line":3,"column":92}},"1":{"start":{"line":3,"column":40},"end":{"line":3,"column":92}},"2":{"start":{"line":3,"column":57},"end":{"line":3,"column":91}},"3":{"start":{"line":3,"column":70},"end":{"line":3,"column":90}},"4":{"start":{"line":6,"column":26},"end":{"line":11,"column":1}},"5":{"start":{"line":7,"column":21},"end":{"line":7,"column":41}},"6":{"start":{"line":8,"column":4},"end":{"line":8,"column":37}},"7":{"start":{"line":9,"column":4},"end":{"line":9,"column":37}},"8":{"start":{"line":10,"column":4},"end":{"line":10,"column":20}},"9":{"start":{"line":14,"column":31},"end":{"line":23,"column":1}},"10":{"start":{"line":15,"column":17},"end":{"line":15,"column":21}},"11":{"start":{"line":16,"column":4},"end":{"line":21,"column":7}},"12":{"start":{"line":17,"column":21},"end":{"line":17,"column":31}},"13":{"start":{"line":18,"column":8},"end":{"line":20,"column":11}},"14":{"start":{"line":19,"column":12},"end":{"line":19,"column":98}},"15":{"start":{"line":19,"column":83},"end":{"line":19,"column":98}},"16":{"start":{"line":22,"column":4},"end":{"line":22,"column":18}},"17":{"start":{"line":26,"column":31},"end":{"line":26,"column":75}},"18":{"start":{"line":26,"column":43},"end":{"line":26,"column":75}},"19":{"start":{"line":29,"column":34},"end":{"line":36,"column":1}},"20":{"start":{"line":30,"column":4},"end":{"line":35,"column":5}},"21":{"start":{"line":30,"column":17},"end":{"line":30,"column":33}},"22":{"start":{"line":31,"column":18},"end":{"line":31,"column":53}},"23":{"start":{"line":32,"column":8},"end":{"line":34,"column":9}},"24":{"start":{"line":33,"column":12},"end":{"line":33,"column":56}},"25":{"start":{"line":39,"column":28},"end":{"line":47,"column":1}},"26":{"start":{"line":40,"column":21},"end":{"line":40,"column":23}},"27":{"start":{"line":41,"column":4},"end":{"line":45,"column":5}},"28":{"start":{"line":41,"column":17},"end":{"line":41,"column":18}},"29":{"start":{"line":42,"column":8},"end":{"line":44,"column":9}},"30":{"start":{"line":42,"column":21},"end":{"line":42,"column":22}},"31":{"start":{"line":43,"column":12},"end":{"line":43,"column":39}},"32":{"start":{"line":46,"column":4},"end":{"line":46,"column":20}},"33":{"start":{"line":50,"column":26},"end":{"line":57,"column":6}},"34":{"start":{"line":50,"column":48},"end":{"line":57,"column":6}},"35":{"start":{"line":51,"column":23},"end":{"line":51,"column":52}},"36":{"start":{"line":52,"column":4},"end":{"line":54,"column":5}},"37":{"start":{"line":53,"column":8},"end":{"line":53,"column":32}},"38":{"start":{"line":55,"column":4},"end":{"line":55,"column":34}},"39":{"start":{"line":56,"column":4},"end":{"line":56,"column":18}},"40":{"start":{"line":60,"column":30},"end":{"line":64,"column":1}},"41":{"start":{"line":61,"column":20},"end":{"line":61,"column":48}},"42":{"start":{"line":62,"column":21},"end":{"line":62,"column":51}},"43":{"start":{"line":63,"column":4},"end":{"line":63,"column":23}}},"fnMap":{"0":{"name":"(anonymous_0)","decl":{"start":{"line":3,"column":29},"end":{"line":3,"column":30}},"loc":{"start":{"line":3,"column":40},"end":{"line":3,"column":92}},"line":3},"1":{"name":"(anonymous_1)","decl":{"start":{"line":3,"column":50},"end":{"line":3,"column":51}},"loc":{"start":{"line":3,"column":57},"end":{"line":3,"column":91}},"line":3},"2":{"name":"(anonymous_2)","decl":{"start":{"line":3,"column":63},"end":{"line":3,"column":64}},"loc":{"start":{"line":3,"column":70},"end":{"line":3,"column":90}},"line":3},"3":{"name":"(anonymous_3)","decl":{"start":{"line":6,"column":26},"end":{"line":6,"column":27}},"loc":{"start":{"line":6,"column":57},"end":{"line":11,"column":1}},"line":6},"4":{"name":"(anonymous_4)","decl":{"start":{"line":14,"column":31},"end":{"line":14,"column":32}},"loc":{"start":{"line":14,"column":53},"end":{"line":23,"column":1}},"line":14},"5":{"name":"(anonymous_5)","decl":{"start":{"line":16,"column":20},"end":{"line":16,"column":21}},"loc":{"start":{"line":16,"column":32},"end":{"line":21,"column":5}},"line":16},"6":{"name":"(anonymous_6)","decl":{"start":{"line":18,"column":20},"end":{"line":18,"column":21}},"loc":{"start":{"line":18,"column":32},"end":{"line":20,"column":9}},"line":18},"7":{"name":"(anonymous_7)","decl":{"start":{"line":26,"column":31},"end":{"line":26,"column":32}},"loc":{"start":{"line":26,"column":43},"end":{"line":26,"column":75}},"line":26},"8":{"name":"(anonymous_8)","decl":{"start":{"line":29,"column":34},"end":{"line":29,"column":35}},"loc":{"start":{"line":29,"column":45},"end":{"line":36,"column":1}},"line":29},"9":{"name":"(anonymous_9)","decl":{"start":{"line":39,"column":28},"end":{"line":39,"column":29}},"loc":{"start":{"line":39,"column":39},"end":{"line":47,"column":1}},"line":39},"10":{"name":"(anonymous_10)","decl":{"start":{"line":50,"column":26},"end":{"line":50,"column":27}},"loc":{"start":{"line":50,"column":48},"end":{"line":57,"column":6}},"line":50},"11":{"name":"(anonymous_11)","decl":{"start":{"line":50,"column":61},"end":{"line":50,"column":62}},"loc":{"start":{"line":50,"column":86},"end":{"line":57,"column":1}},"line":50},"12":{"name":"(anonymous_12)","decl":{"start":{"line":60,"column":30},"end":{"line":60,"column":31}},"loc":{"start":{"line":60,"column":63},"end":{"line":64,"column":1}},"line":60}},"branchMap":{"0":{"loc":{"start":{"line":19,"column":12},"end":{"line":19,"column":98}},"type":"if","locations":[{"start":{"line":19,"column":12},"end":{"line":19,"column":98}},{"start":{"line":19,"column":12},"end":{"line":19,"column":98}}],"line":19},"1":{"loc":{"start":{"line":19,"column":16},"end":{"line":19,"column":81}},"type":"binary-expr","locations":[{"start":{"line":19,"column":16},"end":{"line":19,"column":35}},{"start":{"line":19,"column":39},"end":{"line":19,"column":58}},{"start":{"line":19,"column":62},"end":{"line":19,"column":81}}],"line":19},"2":{"loc":{"start":{"line":32,"column":8},"end":{"line":34,"column":9}},"type":"if","locations":[{"start":{"line":32,"column":8},"end":{"line":34,"column":9}},{"start":{"line":32,"column":8},"end":{"line":34,"column":9}}],"line":32},"3":{"loc":{"start":{"line":32,"column":12},"end":{"line":32,"column":48}},"type":"binary-expr","locations":[{"start":{"line":32,"column":12},"end":{"line":32,"column":28}},{"start":{"line":32,"column":32},"end":{"line":32,"column":48}}],"line":32},"4":{"loc":{"start":{"line":52,"column":4},"end":{"line":54,"column":5}},"type":"if","locations":[{"start":{"line":52,"column":4},"end":{"line":54,"column":5}},{"start":{"line":52,"column":4},"end":{"line":54,"column":5}}],"line":52}},"s":{"0":4,"1":1,"2":3,"3":9,"4":4,"5":1,"6":1,"7":1,"8":1,"9":4,"10":2,"11":2,"12":6,"13":6,"14":18,"15":1,"16":2,"17":4,"18":8,"19":4,"20":2,"21":2,"22":19,"23":19,"24":16,"25":4,"26":2,"27":2,"28":2,"29":7,"30":7,"31":21,"32":2,"33":4,"34":4,"35":28,"36":28,"37":9,"38":28,"39":28,"40":4,"41":2,"42":2,"43":2},"f":{"0":1,"1":3,"2":9,"3":1,"4":2,"5":6,"6":18,"7":8,"8":2,"9":2,"10":4,"11":28,"12":2},"b":{"0":[1,17],"1":[18,17,17],"2":[16,3],"3":[19,19],"4":[9,19]},"_coverageSchema":"1a1c01bbd47fc00a2c39e90264f33305004495a9","hash":"4ba3bb442d7dded1da534befad6036301e519f4e"}
,"/Users/rachelchoate/Documents/projects/i-love-vue/src/utils/colorUtils.js": {"path":"/Users/rachelchoate/Documents/projects/i-love-vue/src/utils/colorUtils.js","statementMap":{"0":{"start":{"line":5,"column":35},"end":{"line":9,"column":2}},"1":{"start":{"line":5,"column":42},"end":{"line":9,"column":1}},"2":{"start":{"line":12,"column":37},"end":{"line":21,"column":1}},"3":{"start":{"line":13,"column":18},"end":{"line":13,"column":56}},"4":{"start":{"line":14,"column":18},"end":{"line":14,"column":56}},"5":{"start":{"line":15,"column":18},"end":{"line":15,"column":56}},"6":{"start":{"line":16,"column":4},"end":{"line":20,"column":8}},"7":{"start":{"line":16,"column":49},"end":{"line":20,"column":5}}},"fnMap":{"0":{"name":"(anonymous_0)","decl":{"start":{"line":5,"column":35},"end":{"line":5,"column":36}},"loc":{"start":{"line":5,"column":42},"end":{"line":9,"column":1}},"line":5},"1":{"name":"(anonymous_1)","decl":{"start":{"line":12,"column":37},"end":{"line":12,"column":38}},"loc":{"start":{"line":12,"column":73},"end":{"line":21,"column":1}},"line":12},"2":{"name":"(anonymous_2)","decl":{"start":{"line":16,"column":41},"end":{"line":16,"column":42}},"loc":{"start":{"line":16,"column":49},"end":{"line":20,"column":5}},"line":16}},"branchMap":{},"s":{"0":2,"1":5,"2":2,"3":6,"4":6,"5":6,"6":6,"7":25},"f":{"0":5,"1":6,"2":25},"b":{},"_coverageSchema":"1a1c01bbd47fc00a2c39e90264f33305004495a9","hash":"1f1c365ae42a3480a2aae7aee2f1af2055a8ec39"}
,"/Users/rachelchoate/Documents/projects/i-love-vue/src/utils/gameboardGenerator.js": {"path":"/Users/rachelchoate/Documents/projects/i-love-vue/src/utils/gameboardGenerator.js","statementMap":{"0":{"start":{"line":5,"column":26},"end":{"line":17,"column":1}},"1":{"start":{"line":6,"column":17},"end":{"line":6,"column":41}},"2":{"start":{"line":8,"column":25},"end":{"line":8,"column":46}},"3":{"start":{"line":9,"column":28},"end":{"line":9,"column":49}},"4":{"start":{"line":10,"column":26},"end":{"line":10,"column":47}},"5":{"start":{"line":11,"column":29},"end":{"line":11,"column":50}},"6":{"start":{"line":13,"column":30},"end":{"line":13,"column":91}},"7":{"start":{"line":14,"column":31},"end":{"line":14,"column":94}},"8":{"start":{"line":16,"column":4},"end":{"line":16,"column":110}},"9":{"start":{"line":16,"column":29},"end":{"line":16,"column":108}}},"fnMap":{"0":{"name":"(anonymous_0)","decl":{"start":{"line":5,"column":26},"end":{"line":5,"column":27}},"loc":{"start":{"line":5,"column":48},"end":{"line":17,"column":1}},"line":5},"1":{"name":"(anonymous_1)","decl":{"start":{"line":16,"column":20},"end":{"line":16,"column":21}},"loc":{"start":{"line":16,"column":29},"end":{"line":16,"column":108}},"line":16}},"branchMap":{},"s":{"0":1,"1":1,"2":1,"3":1,"4":1,"5":1,"6":1,"7":1,"8":1,"9":3},"f":{"0":1,"1":3},"b":{},"_coverageSchema":"1a1c01bbd47fc00a2c39e90264f33305004495a9","hash":"91071efe3cdf25c4ff132de0229367bd202d0afb"}
,"/Users/rachelchoate/Documents/projects/i-love-vue/src/utils/gameboardShuffler.js": {"path":"/Users/rachelchoate/Documents/projects/i-love-vue/src/utils/gameboardShuffler.js","statementMap":{"0":{"start":{"line":8,"column":25},"end":{"line":15,"column":1}},"1":{"start":{"line":9,"column":22},"end":{"line":9,"column":38}},"2":{"start":{"line":10,"column":22},"end":{"line":10,"column":41}},"3":{"start":{"line":11,"column":27},"end":{"line":11,"column":50}},"4":{"start":{"line":12,"column":4},"end":{"line":12,"column":39}},"5":{"start":{"line":13,"column":29},"end":{"line":13,"column":81}},"6":{"start":{"line":14,"column":4},"end":{"line":14,"column":28}}},"fnMap":{"0":{"name":"(anonymous_0)","decl":{"start":{"line":8,"column":25},"end":{"line":8,"column":26}},"loc":{"start":{"line":8,"column":40},"end":{"line":15,"column":1}},"line":8}},"branchMap":{},"s":{"0":1,"1":1,"2":1,"3":1,"4":1,"5":1,"6":1},"f":{"0":1},"b":{},"_coverageSchema":"1a1c01bbd47fc00a2c39e90264f33305004495a9","hash":"17aa124aec4e6dc30f42269b3d9aaf433d95362a"}
,"/Users/rachelchoate/Documents/projects/i-love-vue/src/utils/index.js": {"path":"/Users/rachelchoate/Documents/projects/i-love-vue/src/utils/index.js","statementMap":{"0":{"start":{"line":3,"column":35},"end":{"line":3,"column":75}},"1":{"start":{"line":3,"column":44},"end":{"line":3,"column":75}}},"fnMap":{"0":{"name":"(anonymous_0)","decl":{"start":{"line":3,"column":35},"end":{"line":3,"column":36}},"loc":{"start":{"line":3,"column":44},"end":{"line":3,"column":75}},"line":3}},"branchMap":{},"s":{"0":2,"1":15},"f":{"0":15},"b":{},"_coverageSchema":"1a1c01bbd47fc00a2c39e90264f33305004495a9","hash":"58fbcc973065b183ccd66d4bb840fd5aba32322f"}
,"/Users/rachelchoate/Documents/projects/i-love-vue/src/views/Game.vue": {"path":"/Users/rachelchoate/Documents/projects/i-love-vue/src/views/Game.vue","statementMap":{"0":{"start":{"line":23,"column":0},"end":{"line":23,"column":null}},"1":{"start":{"line":32,"column":0},"end":{"line":32,"column":null}},"2":{"start":{"line":35,"column":0},"end":{"line":35,"column":null}},"3":{"start":{"line":38,"column":0},"end":{"line":38,"column":null}},"4":{"start":{"line":43,"column":0},"end":{"line":43,"column":null}}},"fnMap":{"0":{"name":"gameLoaded","decl":{"start":{"line":31,"column":0},"end":{"line":31,"column":null}},"loc":{"start":{"line":31,"column":0},"end":{"line":33,"column":null}}},"1":{"name":"gameCompleted","decl":{"start":{"line":34,"column":0},"end":{"line":34,"column":null}},"loc":{"start":{"line":34,"column":0},"end":{"line":36,"column":null}}},"2":{"name":"moves","decl":{"start":{"line":37,"column":0},"end":{"line":37,"column":null}},"loc":{"start":{"line":37,"column":0},"end":{"line":39,"column":null}}},"3":{"name":"start","decl":{"start":{"line":42,"column":0},"end":{"line":42,"column":null}},"loc":{"start":{"line":42,"column":0},"end":{"line":44,"column":null}}}},"branchMap":{},"s":{"0":0,"1":0,"2":0,"3":0,"4":0},"f":{"0":0,"1":0,"2":0,"3":0},"b":{}}
,"/Users/rachelchoate/Documents/projects/i-love-vue/src/views/Settings.vue": {"path":"/Users/rachelchoate/Documents/projects/i-love-vue/src/views/Settings.vue","statementMap":{"0":{"start":{"line":35,"column":0},"end":{"line":35,"column":null}},"1":{"start":{"line":38,"column":0},"end":{"line":38,"column":null}},"2":{"start":{"line":43,"column":0},"end":{"line":43,"column":null}},"3":{"start":{"line":46,"column":0},"end":{"line":46,"column":null}}},"fnMap":{"0":{"name":"rows","decl":{"start":{"line":34,"column":0},"end":{"line":34,"column":null}},"loc":{"start":{"line":34,"column":0},"end":{"line":36,"column":null}}},"1":{"name":"cols","decl":{"start":{"line":37,"column":0},"end":{"line":37,"column":null}},"loc":{"start":{"line":37,"column":0},"end":{"line":39,"column":null}}},"2":{"name":"updateGameHeight","decl":{"start":{"line":42,"column":0},"end":{"line":42,"column":null}},"loc":{"start":{"line":42,"column":0},"end":{"line":44,"column":null}}},"3":{"name":"updateGameWidth","decl":{"start":{"line":45,"column":0},"end":{"line":45,"column":null}},"loc":{"start":{"line":45,"column":0},"end":{"line":47,"column":null}}}},"branchMap":{},"s":{"0":0,"1":0,"2":0,"3":0},"f":{"0":0,"1":0,"2":0,"3":0},"b":{}}
,"/Users/rachelchoate/Documents/projects/i-love-vue/src/views/index.js": {"path":"/Users/rachelchoate/Documents/projects/i-love-vue/src/views/index.js","statementMap":{"0":{"start":{"line":5,"column":15},"end":{"line":21,"column":1}}},"fnMap":{},"branchMap":{},"s":{"0":0},"f":{},"b":{}}
}
