TN:
SF:src/App.vue
FN:22,views
FNF:1
FNH:0
FNDA:0,views
DA:18,0
DA:23,0
LF:2
LH:0
BRF:0
BRH:0
end_of_record
TN:
SF:src/main.js
FN:9,(anonymous_0)
FNF:1
FNH:0
FNDA:0,(anonymous_0)
DA:6,0
DA:8,0
DA:9,0
LF:3
LH:0
BRF:0
BRH:0
end_of_record
TN:
SF:src/components/Gameboard.vue
FN:39,height
FN:42,width
FN:45,rows
FN:48,cols
FN:51,gameWon
FNF:5
FNH:0
FNDA:0,height
FNDA:0,width
FNDA:0,rows
FNDA:0,cols
FNDA:0,gameWon
DA:32,0
DA:33,0
DA:40,0
DA:43,0
DA:46,0
DA:49,0
DA:52,0
LF:7
LH:0
BRF:0
BRH:0
end_of_record
TN:
SF:src/components/Pixel.vue
FN:18,height
FN:21,width
FN:24,top
FN:28,left
FN:32,background
FN:36,active
FN:40,locked
FN:43,completed
FN:46,activeClass
FN:55,select
FNF:10
FNH:0
FNDA:0,height
FNDA:0,width
FNDA:0,top
FNDA:0,left
FNDA:0,background
FNDA:0,active
FNDA:0,locked
FNDA:0,completed
FNDA:0,activeClass
FNDA:0,select
DA:19,0
DA:22,0
DA:25,0
DA:26,0
DA:29,0
DA:30,0
DA:33,0
DA:34,0
DA:37,0
DA:38,0
DA:41,0
DA:44,0
DA:47,0
DA:48,0
DA:51,0
DA:56,0
LF:16
LH:0
BRDA:37,0,0,0
BRDA:37,0,1,0
BRDA:38,1,0,0
BRDA:38,1,1,0
BRDA:48,2,0,0
BRDA:48,2,1,0
BRDA:56,3,0,0
BRDA:56,3,1,0
BRF:8
BRH:0
end_of_record
TN:
SF:src/router/index.js
FNF:0
FNH:0
DA:5,0
LF:1
LH:0
BRF:0
BRH:0
end_of_record
TN:
SF:src/state/GameStore.js
FN:28,(anonymous_0)
FN:40,(anonymous_1)
FN:48,(anonymous_2)
FN:61,selectPixel
FN:77,movePixel
FN:85,(anonymous_5)
FN:91,updateGameHeight
FN:100,updateGameWidth
FNF:8
FNH:0
FNDA:0,(anonymous_0)
FNDA:0,(anonymous_1)
FNDA:0,(anonymous_2)
FNDA:0,selectPixel
FNDA:0,movePixel
FNDA:0,(anonymous_5)
FNDA:0,updateGameHeight
FNDA:0,updateGameWidth
DA:11,0
DA:28,0
DA:29,0
DA:30,0
DA:31,0
DA:40,0
DA:41,0
DA:42,0
DA:43,0
DA:48,0
DA:49,0
DA:50,0
DA:51,0
DA:52,0
DA:53,0
DA:54,0
DA:55,0
DA:56,0
DA:57,0
DA:62,0
DA:63,0
DA:65,0
DA:66,0
DA:68,0
DA:69,0
DA:71,0
DA:78,0
DA:79,0
DA:80,0
DA:81,0
DA:85,0
DA:86,0
DA:87,0
DA:92,0
DA:93,0
DA:94,0
DA:95,0
DA:101,0
DA:102,0
DA:103,0
DA:104,0
DA:108,0
LF:42
LH:0
BRDA:62,0,0,0
BRDA:62,0,1,0
BRDA:63,1,0,0
BRDA:63,1,1,0
BRDA:63,1,2,0
BRDA:92,2,0,0
BRDA:92,2,1,0
BRDA:92,3,0,0
BRDA:92,3,1,0
BRDA:101,4,0,0
BRDA:101,4,1,0
BRDA:101,5,0,0
BRDA:101,5,1,0
BRF:13
BRH:0
end_of_record
TN:
SF:src/state/index.js
FNF:0
FNH:0
DA:5,0
DA:7,0
LF:2
LH:0
BRF:0
BRH:0
end_of_record
TN:
SF:src/utils/arrayUtils.js
FN:3,(anonymous_0)
FN:3,(anonymous_1)
FN:3,(anonymous_2)
FN:6,(anonymous_3)
FN:14,(anonymous_4)
FN:16,(anonymous_5)
FN:18,(anonymous_6)
FN:26,(anonymous_7)
FN:29,(anonymous_8)
FN:39,(anonymous_9)
FN:50,(anonymous_10)
FN:50,(anonymous_11)
FN:60,(anonymous_12)
FNF:13
FNH:13
FNDA:1,(anonymous_0)
FNDA:3,(anonymous_1)
FNDA:9,(anonymous_2)
FNDA:1,(anonymous_3)
FNDA:2,(anonymous_4)
FNDA:6,(anonymous_5)
FNDA:18,(anonymous_6)
FNDA:8,(anonymous_7)
FNDA:2,(anonymous_8)
FNDA:2,(anonymous_9)
FNDA:4,(anonymous_10)
FNDA:28,(anonymous_11)
FNDA:2,(anonymous_12)
DA:3,9
DA:6,4
DA:7,1
DA:8,1
DA:9,1
DA:10,1
DA:14,4
DA:15,2
DA:16,2
DA:17,6
DA:18,6
DA:19,18
DA:22,2
DA:26,8
DA:29,4
DA:30,2
DA:31,19
DA:32,19
DA:33,16
DA:39,4
DA:40,2
DA:41,2
DA:42,7
DA:43,21
DA:46,2
DA:50,4
DA:51,28
DA:52,28
DA:53,9
DA:55,28
DA:56,28
DA:60,4
DA:61,2
DA:62,2
DA:63,2
LF:35
LH:35
BRDA:19,0,0,1
BRDA:19,0,1,17
BRDA:19,1,0,18
BRDA:19,1,1,17
BRDA:19,1,2,17
BRDA:32,2,0,16
BRDA:32,2,1,3
BRDA:32,3,0,19
BRDA:32,3,1,19
BRDA:52,4,0,9
BRDA:52,4,1,19
BRF:11
BRH:11
end_of_record
TN:
SF:src/utils/colorUtils.js
FN:5,(anonymous_0)
FN:12,(anonymous_1)
FN:16,(anonymous_2)
FNF:3
FNH:3
FNDA:5,(anonymous_0)
FNDA:6,(anonymous_1)
FNDA:25,(anonymous_2)
DA:5,5
DA:12,2
DA:13,6
DA:14,6
DA:15,6
DA:16,25
LF:6
LH:6
BRF:0
BRH:0
end_of_record
TN:
SF:src/utils/gameboardGenerator.js
FN:5,(anonymous_0)
FN:16,(anonymous_1)
FNF:2
FNH:2
FNDA:1,(anonymous_0)
FNDA:3,(anonymous_1)
DA:5,1
DA:6,1
DA:8,1
DA:9,1
DA:10,1
DA:11,1
DA:13,1
DA:14,1
DA:16,3
LF:9
LH:9
BRF:0
BRH:0
end_of_record
TN:
SF:src/utils/gameboardShuffler.js
FN:8,(anonymous_0)
FNF:1
FNH:1
FNDA:1,(anonymous_0)
DA:8,1
DA:9,1
DA:10,1
DA:11,1
DA:12,1
DA:13,1
DA:14,1
LF:7
LH:7
BRF:0
BRH:0
end_of_record
TN:
SF:src/utils/index.js
FN:3,(anonymous_0)
FNF:1
FNH:1
FNDA:15,(anonymous_0)
DA:3,15
LF:1
LH:1
BRF:0
BRH:0
end_of_record
TN:
SF:src/views/Game.vue
FN:31,gameLoaded
FN:34,gameCompleted
FN:37,moves
FN:42,start
FNF:4
FNH:0
FNDA:0,gameLoaded
FNDA:0,gameCompleted
FNDA:0,moves
FNDA:0,start
DA:23,0
DA:32,0
DA:35,0
DA:38,0
DA:43,0
LF:5
LH:0
BRF:0
BRH:0
end_of_record
TN:
SF:src/views/Settings.vue
FN:34,rows
FN:37,cols
FN:42,updateGameHeight
FN:45,updateGameWidth
FNF:4
FNH:0
FNDA:0,rows
FNDA:0,cols
FNDA:0,updateGameHeight
FNDA:0,updateGameWidth
DA:35,0
DA:38,0
DA:43,0
DA:46,0
LF:4
LH:0
BRF:0
BRH:0
end_of_record
TN:
SF:src/views/index.js
FNF:0
FNH:0
DA:5,0
LF:1
LH:0
BRF:0
BRH:0
end_of_record
