TN:
SF:src/App.vue
FN:22,views
FNF:1
FNH:1
FNDA:1,views
DA:18,1
DA:23,1
LF:2
LH:2
BRF:0
BRH:0
end_of_record
TN:
SF:src/components/Gameboard.vue
FN:39,height
FN:42,width
FN:45,rows
FN:48,cols
FN:51,gameWon
FNF:5
FNH:5
FNDA:2,height
FNDA:2,width
FNDA:2,rows
FNDA:2,cols
FNDA:2,gameWon
DA:32,3
DA:33,3
DA:40,2
DA:43,2
DA:46,2
DA:49,2
DA:52,2
LF:7
LH:7
BRF:0
BRH:0
end_of_record
TN:
SF:src/components/Pixel.vue
FN:18,height
FN:21,width
FN:24,top
FN:28,left
FN:32,background
FN:36,active
FN:40,locked
FN:43,completed
FN:46,activeClass
FN:55,select
FNF:10
FNH:10
FNDA:3,height
FNDA:3,width
FNDA:3,top
FNDA:3,left
FNDA:3,background
FNDA:3,active
FNDA:3,locked
FNDA:2,completed
FNDA:3,activeClass
FNDA:1,select
DA:19,3
DA:22,3
DA:25,3
DA:26,3
DA:29,3
DA:30,3
DA:33,12
DA:34,3
DA:37,5
DA:38,1
DA:41,3
DA:44,2
DA:47,3
DA:48,8
DA:51,3
DA:56,2
LF:16
LH:16
BRDA:37,0,0,2
BRDA:37,0,1,1
BRDA:38,1,0,1
BRDA:38,1,1,1
BRDA:48,2,0,1
BRDA:48,2,1,6
BRDA:56,3,0,1
BRDA:56,3,1,0
BRF:8
BRH:7
end_of_record
TN:
SF:src/state/GameStore.js
FN:28,(anonymous_0)
FN:40,(anonymous_1)
FN:48,(anonymous_2)
FN:60,selectPixel
FN:74,movePixel
FN:82,(anonymous_5)
FN:87,updateGameHeight
FN:96,updateGameWidth
FNF:8
FNH:8
FNDA:3,(anonymous_0)
FNDA:3,(anonymous_1)
FNDA:3,(anonymous_2)
FNDA:4,selectPixel
FNDA:1,movePixel
FNDA:1,(anonymous_5)
FNDA:1,updateGameHeight
FNDA:1,updateGameWidth
DA:11,1
DA:28,1
DA:29,3
DA:30,3
DA:31,3
DA:40,1
DA:41,3
DA:42,12
DA:43,12
DA:48,1
DA:49,3
DA:50,3
DA:51,3
DA:52,3
DA:53,3
DA:54,3
DA:55,3
DA:56,3
DA:61,4
DA:62,4
DA:63,4
DA:64,2
DA:65,2
DA:66,1
DA:68,1
DA:75,1
DA:76,1
DA:77,1
DA:78,1
DA:82,1
DA:83,1
DA:88,1
DA:89,1
DA:90,1
DA:91,1
DA:97,1
DA:98,1
DA:99,1
DA:100,1
DA:104,1
LF:40
LH:40
BRDA:62,0,0,4
BRDA:62,0,1,0
BRDA:63,1,0,2
BRDA:63,1,1,2
BRDA:65,2,0,1
BRDA:65,2,1,1
BRDA:65,3,0,2
BRDA:65,3,1,1
BRDA:88,4,0,1
BRDA:88,4,1,0
BRDA:88,5,0,1
BRDA:88,5,1,1
BRDA:97,6,0,1
BRDA:97,6,1,0
BRDA:97,7,0,1
BRDA:97,7,1,1
BRF:16
BRH:13
end_of_record
TN:
SF:src/state/index.js
FNF:0
FNH:0
DA:5,1
DA:7,1
LF:2
LH:2
BRF:0
BRH:0
end_of_record
TN:
SF:src/utils/arrayUtils.js
FN:3,(anonymous_0)
FN:3,(anonymous_1)
FN:3,(anonymous_2)
FN:6,(anonymous_3)
FN:14,(anonymous_4)
FN:16,(anonymous_5)
FN:18,(anonymous_6)
FN:26,(anonymous_7)
FN:29,(anonymous_8)
FN:39,(anonymous_9)
FN:50,(anonymous_10)
FN:50,(anonymous_11)
FN:60,(anonymous_12)
FNF:13
FNH:13
FNDA:5,(anonymous_0)
FNDA:31,(anonymous_1)
FNDA:181,(anonymous_2)
FNDA:2,(anonymous_3)
FNDA:3,(anonymous_4)
FNDA:10,(anonymous_5)
FNDA:34,(anonymous_6)
FNDA:51,(anonymous_7)
FNDA:5,(anonymous_8)
FNDA:5,(anonymous_9)
FNDA:10,(anonymous_10)
FNDA:208,(anonymous_11)
FNDA:5,(anonymous_12)
DA:3,181
DA:6,8
DA:7,2
DA:8,2
DA:9,2
DA:10,2
DA:14,8
DA:15,3
DA:16,3
DA:17,10
DA:18,10
DA:19,34
DA:22,3
DA:26,51
DA:29,8
DA:30,5
DA:31,172
DA:32,172
DA:33,145
DA:39,8
DA:40,5
DA:41,5
DA:42,31
DA:43,177
DA:46,5
DA:50,10
DA:51,208
DA:52,208
DA:53,36
DA:55,208
DA:56,208
DA:60,8
DA:61,5
DA:62,5
DA:63,5
LF:35
LH:35
BRDA:19,0,0,13
BRDA:19,0,1,21
BRDA:19,1,0,34
BRDA:19,1,1,21
BRDA:19,1,2,21
BRDA:32,2,0,145
BRDA:32,2,1,27
BRDA:32,3,0,172
BRDA:32,3,1,163
BRDA:52,4,0,36
BRDA:52,4,1,172
BRF:11
BRH:11
end_of_record
TN:
SF:src/utils/colorUtils.js
FN:5,(anonymous_0)
FN:12,(anonymous_1)
FN:16,(anonymous_2)
FNF:3
FNH:3
FNDA:17,(anonymous_0)
FNDA:36,(anonymous_1)
FNDA:229,(anonymous_2)
DA:5,17
DA:12,3
DA:13,36
DA:14,36
DA:15,36
DA:16,229
LF:6
LH:6
BRF:0
BRH:0
end_of_record
TN:
SF:src/utils/gameboardGenerator.js
FN:5,(anonymous_0)
FN:16,(anonymous_1)
FNF:2
FNH:2
FNDA:4,(anonymous_0)
FNDA:27,(anonymous_1)
DA:5,2
DA:6,4
DA:8,4
DA:9,4
DA:10,4
DA:11,4
DA:13,4
DA:14,4
DA:16,27
LF:9
LH:9
BRF:0
BRH:0
end_of_record
TN:
SF:src/utils/gameboardShuffler.js
FN:8,(anonymous_0)
FNF:1
FNH:1
FNDA:4,(anonymous_0)
DA:8,2
DA:9,4
DA:10,4
DA:11,4
DA:12,4
DA:13,4
DA:14,4
LF:7
LH:7
BRF:0
BRH:0
end_of_record
TN:
SF:src/utils/index.js
FN:3,(anonymous_0)
FNF:1
FNH:1
FNDA:51,(anonymous_0)
DA:3,51
LF:1
LH:1
BRF:0
BRH:0
end_of_record
TN:
SF:src/views/Game.vue
FN:30,gameLoaded
FN:33,gameCompleted
FN:36,moves
FN:41,start
FNF:4
FNH:4
FNDA:2,gameLoaded
FNDA:2,gameCompleted
FNDA:2,moves
FNDA:1,start
DA:22,2
DA:31,2
DA:34,2
DA:37,2
DA:42,1
LF:5
LH:5
BRF:0
BRH:0
end_of_record
TN:
SF:src/views/Settings.vue
FN:34,rows
FN:37,cols
FN:42,updateGameHeight
FN:45,updateGameWidth
FNF:4
FNH:4
FNDA:3,rows
FNDA:3,cols
FNDA:1,updateGameHeight
FNDA:1,updateGameWidth
DA:35,3
DA:38,3
DA:43,1
DA:46,1
LF:4
LH:4
BRF:0
BRH:0
end_of_record
